<?xml version="1.0" encoding="UTF-8"?>
<testsuite name="com.jaskirat.tigercard.TimeOfTravelTest" tests="1" skipped="0" failures="0" errors="0" timestamp="2021-04-07T07:56:50" hostname="Jaskirats-MacBook-Pro.local" time="0.012">
  <properties/>
  <testcase name="itShouldReturn_OffPeakHour_WhenIts_Weekday_NoTimeWindow" classname="com.jaskirat.tigercard.TimeOfTravelTest" time="0.012"/>
  <system-out><![CDATA[]]></system-out>
  <system-err><![CDATA[]]></system-err>
</testsuite>
